android/SmsForwarder/app/build/intermediates/manifest_merge_blame_file/debug/processDebugMainManifest/manifest-merger-blame-debug-report.txt
1<?xml version="1.0" encoding="utf-8"?>
2<manifest xmlns:android="http://schemas.android.com/apk/res/android"
3    package="com.smsforwarder"
4    android:versionCode="1"
5    android:versionName="1.0" >
6
7    <uses-sdk
8        android:minSdkVersion="26"
9        android:targetSdkVersion="34" />
10
11    <uses-permission android:name="android.permission.RECEIVE_SMS" />
11-->src\main\AndroidManifest.xml:7:5-70
11-->src\main\AndroidManifest.xml:7:22-67
12    <uses-permission android:name="android.permission.READ_SMS" />
12-->src\main\AndroidManifest.xml:8:5-67
12-->src\main\AndroidManifest.xml:8:22-64
13    <uses-permission android:name="android.permission.INTERNET" />
13-->src\main\AndroidManifest.xml:9:5-67
13-->src\main\AndroidManifest.xml:9:22-64
14    <uses-permission android:name="android.permission.ACCESS_NETWORK_STATE" />
14-->src\main\AndroidManifest.xml:10:5-79
14-->src\main\AndroidManifest.xml:10:22-76
15    <uses-permission android:name="android.permission.REQUEST_IGNORE_BATTERY_OPTIMIZATIONS" />
15-->src\main\AndroidManifest.xml:11:5-95
15-->src\main\AndroidManifest.xml:11:22-92
16    <uses-permission android:name="android.permission.POST_NOTIFICATIONS" />
16-->src\main\AndroidManifest.xml:12:5-77
16-->src\main\AndroidManifest.xml:12:22-74
17    <uses-permission android:name="android.permission.FOREGROUND_SERVICE" />
17-->src\main\AndroidManifest.xml:13:5-77
17-->src\main\AndroidManifest.xml:13:22-74
18    <uses-permission android:name="android.permission.FOREGROUND_SERVICE_DATA_SYNC" />
18-->src\main\AndroidManifest.xml:14:5-87
18-->src\main\AndroidManifest.xml:14:22-84
19    <uses-permission android:name="android.permission.WAKE_LOCK" />
19-->src\main\AndroidManifest.xml:15:5-68
19-->src\main\AndroidManifest.xml:15:22-65
20    <uses-permission android:name="android.permission.RECEIVE_BOOT_COMPLETED" />
20-->src\main\AndroidManifest.xml:16:5-81
20-->src\main\AndroidManifest.xml:16:22-78
21
22    <permission
22-->[androidx.core:core:1.9.0] AndroidManifest.xml:22:5-24:47
23        android:name="com.smsforwarder.DYNAMIC_RECEIVER_NOT_EXPORTED_PERMISSION"
23-->[androidx.core:core:1.9.0] AndroidManifest.xml:23:9-81
24        android:protectionLevel="signature" />
24-->[androidx.core:core:1.9.0] AndroidManifest.xml:24:9-44
25
26    <uses-permission android:name="com.smsforwarder.DYNAMIC_RECEIVER_NOT_EXPORTED_PERMISSION" />
26-->[androidx.core:core:1.9.0] AndroidManifest.xml:26:5-97
26-->[androidx.core:core:1.9.0] AndroidManifest.xml:26:22-94
27
28    <application
28-->src\main\AndroidManifest.xml:18:5-63:19
29        android:allowBackup="true"
29-->src\main\AndroidManifest.xml:19:9-35
30        android:appComponentFactory="androidx.core.app.CoreComponentFactory"
30-->[androidx.core:core:1.9.0] AndroidManifest.xml:28:18-86
31        android:debuggable="true"
32        android:enableOnBackInvokedCallback="true"
32-->src\main\AndroidManifest.xml:23:9-51
33        android:extractNativeLibs="false"
34        android:label="@string/app_name"
34-->src\main\AndroidManifest.xml:20:9-41
35        android:networkSecurityConfig="@xml/network_security_config"
35-->src\main\AndroidManifest.xml:22:9-69
36        android:theme="@style/AppTheme" >
36-->src\main\AndroidManifest.xml:21:9-40
37        <activity
37-->src\main\AndroidManifest.xml:25:9-34:20
38            android:name="com.smsforwarder.MainActivity"
38-->src\main\AndroidManifest.xml:26:13-41
39            android:exported="true"
39-->src\main\AndroidManifest.xml:29:13-36
40            android:label="@string/app_name"
40-->src\main\AndroidManifest.xml:27:13-45
41            android:launchMode="singleTop" >
41-->src\main\AndroidManifest.xml:28:13-43
42            <intent-filter>
42-->src\main\AndroidManifest.xml:30:13-33:29
43                <action android:name="android.intent.action.MAIN" />
43-->src\main\AndroidManifest.xml:31:17-69
43-->src\main\AndroidManifest.xml:31:25-66
44
45                <category android:name="android.intent.category.LAUNCHER" />
45-->src\main\AndroidManifest.xml:32:17-77
45-->src\main\AndroidManifest.xml:32:27-74
46            </intent-filter>
47        </activity>
48
49        <receiver
49-->src\main\AndroidManifest.xml:36:9-45:20
50            android:name="com.smsforwarder.SmsReceiver"
50-->src\main\AndroidManifest.xml:37:13-40
51            android:directBootAware="true"
51-->src\main\AndroidManifest.xml:41:13-43
52            android:enabled="true"
52-->src\main\AndroidManifest.xml:38:13-35
53            android:exported="true"
53-->src\main\AndroidManifest.xml:39:13-36
54            android:priority="2147483647" >
54-->src\main\AndroidManifest.xml:40:13-42
55            <intent-filter android:priority="2147483647" >
55-->src\main\AndroidManifest.xml:42:13-44:29
55-->src\main\AndroidManifest.xml:42:28-57
56                <action android:name="android.provider.Telephony.SMS_RECEIVED" />
56-->src\main\AndroidManifest.xml:43:17-82
56-->src\main\AndroidManifest.xml:43:25-79
57            </intent-filter>
58        </receiver>
59        <receiver
59-->src\main\AndroidManifest.xml:47:9-55:20
60            android:name="com.smsforwarder.BootReceiver"
60-->src\main\AndroidManifest.xml:48:13-41
61            android:enabled="true"
61-->src\main\AndroidManifest.xml:49:13-35
62            android:exported="true" >
62-->src\main\AndroidManifest.xml:50:13-36
63            <intent-filter>
63-->src\main\AndroidManifest.xml:51:13-54:29
64                <action android:name="android.intent.action.BOOT_COMPLETED" />
64-->src\main\AndroidManifest.xml:52:17-79
64-->src\main\AndroidManifest.xml:52:25-76
65                <action android:name="android.intent.action.QUICKBOOT_POWERON" />
65-->src\main\AndroidManifest.xml:53:17-82
65-->src\main\AndroidManifest.xml:53:25-79
66            </intent-filter>
67        </receiver>
68
69        <service
69-->src\main\AndroidManifest.xml:57:9-61:56
70            android:name="com.smsforwarder.SmsForwarderService"
70-->src\main\AndroidManifest.xml:58:13-48
71            android:enabled="true"
71-->src\main\AndroidManifest.xml:59:13-35
72            android:exported="false"
72-->src\main\AndroidManifest.xml:60:13-37
73            android:foregroundServiceType="dataSync" />
73-->src\main\AndroidManifest.xml:61:13-53
74
75        <provider
75-->[androidx.emoji2:emoji2:1.2.0] AndroidManifest.xml:24:9-32:20
76            android:name="androidx.startup.InitializationProvider"
76-->[androidx.emoji2:emoji2:1.2.0] AndroidManifest.xml:25:13-67
77            android:authorities="com.smsforwarder.androidx-startup"
77-->[androidx.emoji2:emoji2:1.2.0] AndroidManifest.xml:26:13-68
78            android:exported="false" >
78-->[androidx.emoji2:emoji2:1.2.0] AndroidManifest.xml:27:13-37
79            <meta-data
79-->[androidx.emoji2:emoji2:1.2.0] AndroidManifest.xml:29:13-31:52
80                android:name="androidx.emoji2.text.EmojiCompatInitializer"
80-->[androidx.emoji2:emoji2:1.2.0] AndroidManifest.xml:30:17-75
81                android:value="androidx.startup" />
81-->[androidx.emoji2:emoji2:1.2.0] AndroidManifest.xml:31:17-49
82            <meta-data
82-->[androidx.lifecycle:lifecycle-process:2.4.1] AndroidManifest.xml:31:13-33:52
83                android:name="androidx.lifecycle.ProcessLifecycleInitializer"
83-->[androidx.lifecycle:lifecycle-process:2.4.1] AndroidManifest.xml:32:17-78
84                android:value="androidx.startup" />
84-->[androidx.lifecycle:lifecycle-process:2.4.1] AndroidManifest.xml:33:17-49
85        </provider>
86    </application>
87
88</manifest>